<?xml version="1.0" encoding="UTF-8"?>
<testsuite name="Gradleproject.LibraryTest" tests="1" skipped="0" failures="0" errors="0" timestamp="2021-08-17T11:10:28" hostname="DESKTOP-VBBL254" time="0.032">
  <properties/>
  <testcase name="someLibraryMethodReturnsTrue()" classname="Gradleproject.LibraryTest" time="0.032"/>
  <system-out><![CDATA[]]></system-out>
  <system-err><![CDATA[]]></system-err>
</testsuite>
